<?xml version="1.0" encoding="UTF-8"?>
<!-- Generated by org.testng.reporters.JUnitXMLReporter -->
<testsuite ignored="0" hostname="DESKTOP-JDS586J" failures="0" tests="3" name="Default test" time="8.438" errors="0" timestamp="2021-07-01T16:34:35 IST">
  <testcase classname="data.excel.LibraryAPIDemo" name="addBookHashMap" time="6.299"/>
  <testcase classname="data.excel.LibraryAPIDemo" name="addBook" time="0.461"/>
  <testcase classname="data.excel.LibraryAPIDemo" name="addBookExcel" time="1.591"/>
</testsuite> <!-- Default test -->
