<?xml version="1.0" encoding="UTF-8" ?>
<testsuite tests="5" failures="0" name="cucumber.Options.TestRunner" time="14.886" errors="0" skipped="0">
  <properties>
[...]
</properties>
  <testcase classname="Validating place API&apos;s" name="Verify if place is being added successfully using AddPlaceAPI #1" time="6.021"/>
  <testcase classname="Validating place API&apos;s" name="Verify if place is being added successfully using AddPlaceAPI #2" time="2.51"/>
  <testcase classname="Validating place API&apos;s" name="Verify if place is being added successfully using AddPlaceAPI #3" time="2.093"/>
  <testcase classname="Validating place API&apos;s" name="Verify if place is being added successfully using AddPlaceAPI #4" time="2.108"/>
  <testcase classname="Validating place API&apos;s" name="Verify if place is being added successfully using AddPlaceAPI #5" time="2.154"/>
</testsuite>