<?xml version="1.0" encoding="UTF-8"?>
<testng-results ignored="0" total="3" passed="3" failed="0" skipped="0">
  <reporter-output>
  </reporter-output>
  <suite started-at="2021-07-01T16:34:27 IST" name="Default suite" finished-at="2021-07-01T16:34:35 IST" duration-ms="8438">
    <groups>
    </groups>
    <test started-at="2021-07-01T16:34:27 IST" name="Default test" finished-at="2021-07-01T16:34:35 IST" duration-ms="8438">
      <class name="data.excel.LibraryAPIDemo">
        <test-method signature="addBookHashMap()[pri:0, instance:data.excel.LibraryAPIDemo@434a63ab]" started-at="2021-07-01T16:34:27 IST" name="addBookHashMap" finished-at="2021-07-01T16:34:33 IST" duration-ms="6299" status="PASS">
          <reporter-output>
          </reporter-output>
        </test-method> <!-- addBookHashMap -->
        <test-method signature="addBook()[pri:1, instance:data.excel.LibraryAPIDemo@434a63ab]" started-at="2021-07-01T16:34:33 IST" name="addBook" finished-at="2021-07-01T16:34:34 IST" duration-ms="461" status="PASS">
          <reporter-output>
          </reporter-output>
        </test-method> <!-- addBook -->
        <test-method signature="addBookExcel()[pri:2, instance:data.excel.LibraryAPIDemo@434a63ab]" started-at="2021-07-01T16:34:34 IST" name="addBookExcel" finished-at="2021-07-01T16:34:35 IST" duration-ms="1591" status="PASS">
          <reporter-output>
          </reporter-output>
        </test-method> <!-- addBookExcel -->
      </class> <!-- data.excel.LibraryAPIDemo -->
    </test> <!-- Default test -->
  </suite> <!-- Default suite -->
</testng-results>
